--------------------------------------------------------------------------
mpirun was unable to launch the specified application as it could not access
or execute an executable:

Executable: ./mpi_coletiva
Node: hype1

while attempting to start process rank 0.
--------------------------------------------------------------------------
40 total processes failed to start

 Performance counter stats for 'mpirun -np 40 -machinefile nodes.687815 --mca btl ^openib --mca btl_tcp_if_include eno2 --bind-to none -np 40 ./mpi_coletiva 8192':

            199.99 msec task-clock                       #    0.002 CPUs utilized          
         551608238      cycles                           #    2.758 GHz                    
         446908930      instructions                     #    0.81  insn per cycle         

     131.723014581 seconds time elapsed

       0.070388000 seconds user
       0.115934000 seconds sys


--------------------------------------------------------------------------
mpirun was unable to launch the specified application as it could not access
or execute an executable:

Executable: ./mpi_coletiva
Node: hype1

while attempting to start process rank 0.
--------------------------------------------------------------------------
40 total processes failed to start

 Performance counter stats for 'mpirun -np 40 -machinefile nodes.687842 --mca btl ^openib --mca btl_tcp_if_include eno2 --bind-to none -np 40 ./mpi_coletiva 8192':

            195.70 msec task-clock                       #    0.002 CPUs utilized          
         537381669      cycles                           #    2.746 GHz                    
         439244684      instructions                     #    0.82  insn per cycle         

     130.388851936 seconds time elapsed

       0.062940000 seconds user
       0.121685000 seconds sys


