--------------------------------------------------------------------------
Open MPI failed an OFI Libfabric library call (fi_domain).  This is highly
unusual; your job may behave unpredictably (and/or abort) after this.

  Local host: hype3
  Location: ../../../../../../ompi/mca/mtl/ofi/mtl_ofi_component.c:939
  Error: No data available (61)
--------------------------------------------------------------------------
[hype2:564993] 79 more processes have sent help message help-mtl-ofi.txt / OFI call fail
[hype2:564993] Set MCA parameter "orte_base_help_aggregate" to 0 to see all help / error messages
Execution time: 502.238324

 Performance counter stats for 'mpirun -np 80 -machinefile nodes.688340 --mca btl ^openib --mca btl_tcp_if_include eno2 --bind-to none -np 80 ./mpi_p2p_naobloqueante 8192':

       17659807.53 msec task-clock                       #   27.531 CPUs utilized          
    45693897911389      cycles                           #    2.587 GHz                    
    21282726589693      instructions                     #    0.47  insn per cycle         

     641.460501705 seconds time elapsed

   17544.220777000 seconds user
     171.481758000 seconds sys


--------------------------------------------------------------------------
Open MPI failed an OFI Libfabric library call (fi_domain).  This is highly
unusual; your job may behave unpredictably (and/or abort) after this.

  Local host: hype2
  Location: ../../../../../../ompi/mca/mtl/ofi/mtl_ofi_component.c:939
  Error: No data available (61)
--------------------------------------------------------------------------
[hype1:841252] 79 more processes have sent help message help-mtl-ofi.txt / OFI call fail
[hype1:841252] Set MCA parameter "orte_base_help_aggregate" to 0 to see all help / error messages
Execution time: 548.927559

 Performance counter stats for 'mpirun -np 80 -machinefile nodes.688397 --mca btl ^openib --mca btl_tcp_if_include eno2 --bind-to none -np 80 ./mpi_p2p_naobloqueante 8192':

       18671323.91 msec task-clock                       #   27.109 CPUs utilized          
    48308017720857      cycles                           #    2.587 GHz                    
    24236809908287      instructions                     #    0.50  insn per cycle         

     688.761130953 seconds time elapsed

   18529.169299000 seconds user
     218.915828000 seconds sys


--------------------------------------------------------------------------
Open MPI failed an OFI Libfabric library call (fi_domain).  This is highly
unusual; your job may behave unpredictably (and/or abort) after this.

  Local host: hype2
  Location: ../../../../../../ompi/mca/mtl/ofi/mtl_ofi_component.c:939
  Error: No data available (61)
--------------------------------------------------------------------------
[hype1:842202] 79 more processes have sent help message help-mtl-ofi.txt / OFI call fail
[hype1:842202] Set MCA parameter "orte_base_help_aggregate" to 0 to see all help / error messages
Execution time: 481.026811

 Performance counter stats for 'mpirun -np 80 -machinefile nodes.688399 --mca btl ^openib --mca btl_tcp_if_include eno2 --bind-to none -np 80 ./mpi_p2p_naobloqueante 8192':

       19046034.81 msec task-clock                       #   30.753 CPUs utilized          
    49425095149666      cycles                           #    2.595 GHz                    
    23964528404008      instructions                     #    0.48  insn per cycle         

     619.314507120 seconds time elapsed

   18928.081537000 seconds user
     121.035579000 seconds sys


