--------------------------------------------------------------------------
Open MPI failed an OFI Libfabric library call (fi_domain).  This is highly
unusual; your job may behave unpredictably (and/or abort) after this.

  Local host: hype2
  Location: ../../../../../../ompi/mca/mtl/ofi/mtl_ofi_component.c:939
  Error: No data available (61)
--------------------------------------------------------------------------
[hype1:782471] 159 more processes have sent help message help-mtl-ofi.txt / OFI call fail
[hype1:782471] Set MCA parameter "orte_base_help_aggregate" to 0 to see all help / error messages
Execution time: 265.291254

 Performance counter stats for 'mpirun -np 160 -machinefile nodes.687927 --mca btl ^openib --mca btl_tcp_if_include eno2 --bind-to none -np 160 ./mpi_p2p_naobloqueante 8192':

        9279592.65 msec task-clock                       #   22.852 CPUs utilized          
    24037129902735      cycles                           #    2.590 GHz                    
    12546637998995      instructions                     #    0.52  insn per cycle         

     406.079433634 seconds time elapsed

    9203.319443000 seconds user
     106.546982000 seconds sys


--------------------------------------------------------------------------
Open MPI failed an OFI Libfabric library call (fi_domain).  This is highly
unusual; your job may behave unpredictably (and/or abort) after this.

  Local host: hype5
  Location: ../../../../../../ompi/mca/mtl/ofi/mtl_ofi_component.c:939
  Error: No data available (61)
--------------------------------------------------------------------------
[hype1:845131] 159 more processes have sent help message help-mtl-ofi.txt / OFI call fail
[hype1:845131] Set MCA parameter "orte_base_help_aggregate" to 0 to see all help / error messages
Execution time: 285.743399

 Performance counter stats for 'mpirun -np 160 -machinefile nodes.688403 --mca btl ^openib --mca btl_tcp_if_include eno2 --bind-to none -np 160 ./mpi_p2p_naobloqueante 8192':

        9095426.42 msec task-clock                       #   21.359 CPUs utilized          
    23504038045404      cycles                           #    2.584 GHz                    
    10915743995055      instructions                     #    0.46  insn per cycle         

     425.833953581 seconds time elapsed

    8975.263456000 seconds user
     175.765015000 seconds sys


