--------------------------------------------------------------------------
Open MPI failed an OFI Libfabric library call (fi_domain).  This is highly
unusual; your job may behave unpredictably (and/or abort) after this.

  Local host: hype2
  Location: ../../../../../../ompi/mca/mtl/ofi/mtl_ofi_component.c:939
  Error: No data available (61)
--------------------------------------------------------------------------
[hype1:775809] 159 more processes have sent help message help-mtl-ofi.txt / OFI call fail
[hype1:775809] Set MCA parameter "orte_base_help_aggregate" to 0 to see all help / error messages
Execution time: 1715.056966

 Performance counter stats for 'mpirun -np 160 -machinefile nodes.687902 --mca btl ^openib --mca btl_tcp_if_include eno2 --bind-to none -np 160 ./mpi_p2p_bloqueante 16384':

       68477969.59 msec task-clock                       #   36.830 CPUs utilized          
   177712251501204      cycles                           #    2.595 GHz                    
    57923760402621      instructions                     #    0.33  insn per cycle         

    1859.301571053 seconds time elapsed

   68385.617311000 seconds user
      96.898846000 seconds sys


--------------------------------------------------------------------------
Open MPI failed an OFI Libfabric library call (fi_domain).  This is highly
unusual; your job may behave unpredictably (and/or abort) after this.

  Local host: hype3
  Location: ../../../../../../ompi/mca/mtl/ofi/mtl_ofi_component.c:939
  Error: No data available (61)
--------------------------------------------------------------------------
[hype1:795203] 159 more processes have sent help message help-mtl-ofi.txt / OFI call fail
[hype1:795203] Set MCA parameter "orte_base_help_aggregate" to 0 to see all help / error messages
Execution time: 1904.639840

 Performance counter stats for 'mpirun -np 160 -machinefile nodes.687950 --mca btl ^openib --mca btl_tcp_if_include eno2 --bind-to none -np 160 ./mpi_p2p_bloqueante 16384':

       68595897.67 msec task-clock                       #   33.486 CPUs utilized          
   177649069238625      cycles                           #    2.590 GHz                    
    59980619495813      instructions                     #    0.34  insn per cycle         

    2048.523234063 seconds time elapsed

   68322.828518000 seconds user
     463.209651000 seconds sys


